10:23:05,765 INFO  [org.springframework.extensions.surf.AutowireService] Autowire Mode - development
10:23:05,769 INFO  [org.springframework.extensions.surf.AutowireService] Autowire Runtime - webapp
10:23:05,771 INFO  [org.springframework.extensions.surf.AutowireService] Search Path: org.springframework.extensions.webscripts.SearchPath@3d9f5016 = ['classpath*:surf/templates','classpath*:surf/webscripts','classpath*:alfresco/site-webscripts','webapp:/WEB-INF']
10:23:05,771 INFO  [org.springframework.extensions.surf.AutowireService] Search Path: org.springframework.extensions.webscripts.SearchPath@4eaa375c = ['classpath*:surf/webscripts','classpath*:alfresco/site-webscripts','webapp:/WEB-INF']
10:23:05,772 INFO  [org.springframework.extensions.surf.AutowireService] Persister: [org.springframework.extensions.surf.persister.StoreObjectPersister ID: webframework.sitedata.persister.classpath PathPrefix: /${objectTypeIds} Store: classpath*:surf/site, org.springframework.extensions.surf.persister.StoreObjectPersister ID: webframework.sitedata.persister.classpath.alfresco-custom PathPrefix: /${objectTypeIds} Store: classpath*:alfresco/web-extension/site-data, org.springframework.extensions.surf.persister.StoreObjectPersister ID: webframework.sitedata.persister.alfresco-classpath PathPrefix: /${objectTypeIds} Store: classpath*:alfresco/site-data, org.springframework.extensions.surf.persister.ReadOnlyStoreObjectPersister ID: webframework.webinf.persister.root PathPrefix: /WEB-INF/site/${objectTypeIds} Store: webapp:/] = ['webframework.sitedata.persister.classpath','webframework.sitedata.persister.classpath.alfresco-custom','webframework.sitedata.persister.alfresco-classpath','webframework.webinf.persister.root',]
10:23:05,850 INFO  [org.springframework.extensions.surf.persister.ReadOnlyStoreObjectPersister] Store missing for persister: webframework.sitedata.persister.classpath.alfresco-custom
10:23:07,960 INFO  [org.springframework.extensions.webscripts.TemplateProcessorRegistry] Registered template processor freemarker for extension ftl
10:23:07,965 INFO  [org.springframework.extensions.webscripts.ScriptProcessorRegistry] Registered script processor javascript for extension js
10:23:07,965 INFO  [org.springframework.extensions.webscripts.TemplateProcessorRegistry] Registered template processor freemarker for extension ftl
10:23:07,975 INFO  [org.springframework.extensions.webscripts.ScriptProcessorRegistry] Registered script processor javascript for extension js
10:23:09,622 INFO  [org.springframework.extensions.webscripts.DeclarativeRegistry] Registered 57 Web Scripts (+0 failed), 66 URLs
10:23:09,622 INFO  [org.springframework.extensions.webscripts.DeclarativeRegistry] Registered 8 Package Description Documents (+0 failed) 
10:23:09,622 INFO  [org.springframework.extensions.webscripts.DeclarativeRegistry] Registered 0 Schema Description Documents (+0 failed) 
10:23:09,640 INFO  [org.springframework.extensions.webscripts.AbstractRuntimeContainer] Initialised Surf Container Web Script Container (in 1661.5024ms)
10:23:09,642 INFO  [org.springframework.extensions.webscripts.TemplateProcessorRegistry] Registered template processor freemarker for extension ftl
10:23:09,642 INFO  [org.springframework.extensions.webscripts.ScriptProcessorRegistry] Registered script processor javascript for extension js
11:26:41,721 INFO  [org.springframework.extensions.webscripts.connector.RemoteClient] Exception calling (POST) http://localhost:8080/alfresco/s/api/rootgroups/TEST?alf_ticket=TICKET_3067d28baa8e470cb8fbc5d5899345676e5eb77e
11:26:41,724 INFO  [org.springframework.extensions.webscripts.connector.RemoteClient] Error status 500 localhost:8080 failed to respond
org.apache.http.NoHttpResponseException: localhost:8080 failed to respond
	at org.apache.http.impl.conn.DefaultHttpResponseParser.parseHead(DefaultHttpResponseParser.java:143)
	at org.apache.http.impl.conn.DefaultHttpResponseParser.parseHead(DefaultHttpResponseParser.java:57)
	at org.apache.http.impl.io.AbstractMessageParser.parse(AbstractMessageParser.java:261)
	at org.apache.http.impl.DefaultBHttpClientConnection.receiveResponseHeader(DefaultBHttpClientConnection.java:165)
	at org.apache.http.impl.conn.CPoolProxy.receiveResponseHeader(CPoolProxy.java:167)
	at org.apache.http.protocol.HttpRequestExecutor.doReceiveResponse(HttpRequestExecutor.java:272)
	at org.apache.http.protocol.HttpRequestExecutor.execute(HttpRequestExecutor.java:124)
	at org.apache.http.impl.execchain.MainClientExec.execute(MainClientExec.java:271)
	at org.apache.http.impl.execchain.ProtocolExec.execute(ProtocolExec.java:184)
	at org.apache.http.impl.execchain.RetryExec.execute(RetryExec.java:88)
	at org.apache.http.impl.execchain.RedirectExec.execute(RedirectExec.java:110)
	at org.apache.http.impl.client.InternalHttpClient.doExecute(InternalHttpClient.java:184)
	at org.apache.http.impl.client.CloseableHttpClient.execute(CloseableHttpClient.java:82)
	at org.apache.http.impl.client.CloseableHttpClient.execute(CloseableHttpClient.java:107)
	at org.apache.http.impl.client.CloseableHttpClient.execute(CloseableHttpClient.java:55)
	at org.springframework.extensions.webscripts.connector.RemoteClient.service(RemoteClient.java:1162)
	at org.springframework.extensions.webscripts.connector.RemoteClient.call(RemoteClient.java:800)
	at org.springframework.extensions.webscripts.connector.HttpConnector.call(HttpConnector.java:143)
	at org.springframework.extensions.webscripts.connector.AuthenticatingConnector.call(AuthenticatingConnector.java:293)
	at org.springframework.extensions.webscripts.servlet.mvc.EndPointProxyController.handleRequestInternal(EndPointProxyController.java:326)
	at org.springframework.web.servlet.mvc.AbstractController.handleRequest(AbstractController.java:153)
	at org.springframework.web.servlet.mvc.SimpleControllerHandlerAdapter.handle(SimpleControllerHandlerAdapter.java:48)
	at org.springframework.web.servlet.DispatcherServlet.doDispatch(DispatcherServlet.java:933)
	at org.springframework.web.servlet.DispatcherServlet.doService(DispatcherServlet.java:867)
	at org.springframework.web.servlet.FrameworkServlet.processRequest(FrameworkServlet.java:953)
	at org.springframework.web.servlet.FrameworkServlet.doPost(FrameworkServlet.java:855)
	at javax.servlet.http.HttpServlet.service(HttpServlet.java:707)
	at org.springframework.web.servlet.FrameworkServlet.service(FrameworkServlet.java:829)
	at javax.servlet.http.HttpServlet.service(HttpServlet.java:790)
	at org.eclipse.jetty.servlet.ServletHolder.handle(ServletHolder.java:800)
	at org.eclipse.jetty.servlet.ServletHandler.doHandle(ServletHandler.java:587)
	at org.eclipse.jetty.server.handler.ScopedHandler.handle(ScopedHandler.java:143)
	at org.eclipse.jetty.security.SecurityHandler.handle(SecurityHandler.java:595)
	at org.eclipse.jetty.server.session.SessionHandler.doHandle(SessionHandler.java:223)
	at org.eclipse.jetty.server.handler.ContextHandler.doHandle(ContextHandler.java:1125)
	at org.eclipse.jetty.servlet.ServletHandler.doScope(ServletHandler.java:515)
	at org.eclipse.jetty.server.session.SessionHandler.doScope(SessionHandler.java:185)
	at org.eclipse.jetty.server.handler.ContextHandler.doScope(ContextHandler.java:1059)
	at org.eclipse.jetty.server.handler.ScopedHandler.handle(ScopedHandler.java:141)
	at org.eclipse.jetty.server.Dispatcher.forward(Dispatcher.java:191)
	at org.eclipse.jetty.server.Dispatcher.forward(Dispatcher.java:72)
	at org.tuckey.web.filters.urlrewrite.NormalRewrittenUrl.doRewrite(NormalRewrittenUrl.java:213)
	at org.tuckey.web.filters.urlrewrite.RuleChain.handleRewrite(RuleChain.java:171)
	at org.tuckey.web.filters.urlrewrite.RuleChain.doRules(RuleChain.java:145)
	at org.tuckey.web.filters.urlrewrite.UrlRewriter.processRequest(UrlRewriter.java:92)
	at org.tuckey.web.filters.urlrewrite.UrlRewriteFilter.doFilter(UrlRewriteFilter.java:389)
	at org.eclipse.jetty.servlet.ServletHandler$CachedChain.doFilter(ServletHandler.java:1652)
	at com.babbleco.AikauAuthenticationFilter.doFilter(AikauAuthenticationFilter.java:74)
	at org.eclipse.jetty.servlet.ServletHandler$CachedChain.doFilter(ServletHandler.java:1652)
	at org.eclipse.jetty.servlet.ServletHandler.doHandle(ServletHandler.java:585)
	at org.eclipse.jetty.server.handler.ScopedHandler.handle(ScopedHandler.java:143)
	at org.eclipse.jetty.security.SecurityHandler.handle(SecurityHandler.java:577)
	at org.eclipse.jetty.server.session.SessionHandler.doHandle(SessionHandler.java:223)
	at org.eclipse.jetty.server.handler.ContextHandler.doHandle(ContextHandler.java:1125)
	at org.eclipse.jetty.servlet.ServletHandler.doScope(ServletHandler.java:515)
	at org.eclipse.jetty.server.session.SessionHandler.doScope(SessionHandler.java:185)
	at org.eclipse.jetty.server.handler.ContextHandler.doScope(ContextHandler.java:1059)
	at org.eclipse.jetty.server.handler.ScopedHandler.handle(ScopedHandler.java:141)
	at org.eclipse.jetty.server.handler.ContextHandlerCollection.handle(ContextHandlerCollection.java:215)
	at org.eclipse.jetty.server.handler.HandlerCollection.handle(HandlerCollection.java:110)
	at org.eclipse.jetty.server.handler.HandlerWrapper.handle(HandlerWrapper.java:97)
	at org.eclipse.jetty.server.Server.handle(Server.java:497)
	at org.eclipse.jetty.server.HttpChannel.handle(HttpChannel.java:310)
	at org.eclipse.jetty.server.HttpConnection.onFillable(HttpConnection.java:248)
	at org.eclipse.jetty.io.AbstractConnection$2.run(AbstractConnection.java:540)
	at org.eclipse.jetty.util.thread.QueuedThreadPool.runJob(QueuedThreadPool.java:620)
	at org.eclipse.jetty.util.thread.QueuedThreadPool$3.run(QueuedThreadPool.java:540)
	at java.lang.Thread.run(Thread.java:745)
11:40:16,886 INFO  [org.springframework.extensions.webscripts.DeclarativeRegistry] Registered 57 Web Scripts (+0 failed), 66 URLs
11:40:16,887 INFO  [org.springframework.extensions.webscripts.DeclarativeRegistry] Registered 8 Package Description Documents (+0 failed) 
11:40:16,887 INFO  [org.springframework.extensions.webscripts.DeclarativeRegistry] Registered 0 Schema Description Documents (+0 failed) 
11:40:16,894 INFO  [org.springframework.extensions.webscripts.AbstractRuntimeContainer] Initialised Surf Container Web Script Container (in 634.08575ms)
11:43:08,461 INFO  [org.springframework.extensions.webscripts.DeclarativeRegistry] Registered 57 Web Scripts (+0 failed), 66 URLs
11:43:08,461 INFO  [org.springframework.extensions.webscripts.DeclarativeRegistry] Registered 8 Package Description Documents (+0 failed) 
11:43:08,461 INFO  [org.springframework.extensions.webscripts.DeclarativeRegistry] Registered 0 Schema Description Documents (+0 failed) 
11:43:08,469 INFO  [org.springframework.extensions.webscripts.AbstractRuntimeContainer] Initialised Surf Container Web Script Container (in 657.5146ms)
11:43:11,246 INFO  [org.springframework.extensions.webscripts.DeclarativeRegistry] Registered 57 Web Scripts (+0 failed), 66 URLs
11:43:11,246 INFO  [org.springframework.extensions.webscripts.DeclarativeRegistry] Registered 8 Package Description Documents (+0 failed) 
11:43:11,246 INFO  [org.springframework.extensions.webscripts.DeclarativeRegistry] Registered 0 Schema Description Documents (+0 failed) 
11:43:11,251 INFO  [org.springframework.extensions.webscripts.AbstractRuntimeContainer] Initialised Surf Container Web Script Container (in 480.50684ms)
11:43:21,273 INFO  [org.springframework.extensions.webscripts.DeclarativeRegistry] Registered 57 Web Scripts (+0 failed), 66 URLs
11:43:21,273 INFO  [org.springframework.extensions.webscripts.DeclarativeRegistry] Registered 8 Package Description Documents (+0 failed) 
11:43:21,273 INFO  [org.springframework.extensions.webscripts.DeclarativeRegistry] Registered 0 Schema Description Documents (+0 failed) 
11:43:21,277 INFO  [org.springframework.extensions.webscripts.AbstractRuntimeContainer] Initialised Surf Container Web Script Container (in 457.06702ms)
11:43:21,282 INFO  [org.springframework.extensions.surf.site.CacheUtil] Invalidated Object Cache
